[0.062s] Invoking command in '/home/prudy/ros2_ws/src/build/my_robot_bringup': AMENT_PREFIX_PATH=/home/prudy/ros2_ws/src/install/my_py_pkg:/home/prudy/ros2_ws/src/install/my_robot_interfaces:${AMENT_PREFIX_PATH} CMAKE_PREFIX_PATH=/home/prudy/ros2_ws/src/install/my_robot_interfaces:/home/prudy/ros2_ws/install/my_robot_bringup:/home/prudy/ros2_ws/install/my_robot_interfaces:/home/prudy/install/my_robot_bringup:/home/prudy/install/my_robot_interfaces:/home/prudy/ros2_ws/install/my_py_pkg:/home/prudy/install/my_py_pkg:/opt/ros/humble LD_LIBRARY_PATH=/home/prudy/ros2_ws/src/install/my_robot_interfaces/lib:${LD_LIBRARY_PATH} PYTHONPATH=/home/prudy/ros2_ws/src/install/my_py_pkg/lib/python3.10/site-packages:/home/prudy/ros2_ws/src/install/my_robot_interfaces/local/lib/python3.10/dist-packages:${PYTHONPATH} /usr/bin/cmake /home/prudy/ros2_ws/src/my_robot_bringup -DCMAKE_INSTALL_PREFIX=/home/prudy/ros2_ws/src/install/my_robot_bringup
[0.479s] -- The C compiler identification is GNU 11.4.0
[0.808s] -- The CXX compiler identification is GNU 11.4.0
[0.868s] -- Detecting C compiler ABI info
[1.271s] -- Detecting C compiler ABI info - done
[1.305s] -- Check for working C compiler: /usr/bin/cc - skipped
[1.307s] -- Detecting C compile features
[1.333s] -- Detecting C compile features - done
[1.354s] -- Detecting CXX compiler ABI info
[1.698s] -- Detecting CXX compiler ABI info - done
[1.733s] -- Check for working CXX compiler: /usr/bin/c++ - skipped
[1.737s] -- Detecting CXX compile features
[1.738s] -- Detecting CXX compile features - done
[1.893s] -- Found ament_cmake: 1.3.11 (/opt/ros/humble/share/ament_cmake/cmake)
[2.339s] -- Found Python3: /usr/bin/python3 (found version "3.10.12") found components: Interpreter 
[2.817s] -- Configuring done
[2.823s] -- Generating done
[2.828s] -- Build files have been written to: /home/prudy/ros2_ws/src/build/my_robot_bringup
[2.841s] Invoked command in '/home/prudy/ros2_ws/src/build/my_robot_bringup' returned '0': AMENT_PREFIX_PATH=/home/prudy/ros2_ws/src/install/my_py_pkg:/home/prudy/ros2_ws/src/install/my_robot_interfaces:${AMENT_PREFIX_PATH} CMAKE_PREFIX_PATH=/home/prudy/ros2_ws/src/install/my_robot_interfaces:/home/prudy/ros2_ws/install/my_robot_bringup:/home/prudy/ros2_ws/install/my_robot_interfaces:/home/prudy/install/my_robot_bringup:/home/prudy/install/my_robot_interfaces:/home/prudy/ros2_ws/install/my_py_pkg:/home/prudy/install/my_py_pkg:/opt/ros/humble LD_LIBRARY_PATH=/home/prudy/ros2_ws/src/install/my_robot_interfaces/lib:${LD_LIBRARY_PATH} PYTHONPATH=/home/prudy/ros2_ws/src/install/my_py_pkg/lib/python3.10/site-packages:/home/prudy/ros2_ws/src/install/my_robot_interfaces/local/lib/python3.10/dist-packages:${PYTHONPATH} /usr/bin/cmake /home/prudy/ros2_ws/src/my_robot_bringup -DCMAKE_INSTALL_PREFIX=/home/prudy/ros2_ws/src/install/my_robot_bringup
[2.842s] Invoking command in '/home/prudy/ros2_ws/src/build/my_robot_bringup': AMENT_PREFIX_PATH=/home/prudy/ros2_ws/src/install/my_py_pkg:/home/prudy/ros2_ws/src/install/my_robot_interfaces:${AMENT_PREFIX_PATH} CMAKE_PREFIX_PATH=/home/prudy/ros2_ws/src/install/my_robot_interfaces:/home/prudy/ros2_ws/install/my_robot_bringup:/home/prudy/ros2_ws/install/my_robot_interfaces:/home/prudy/install/my_robot_bringup:/home/prudy/install/my_robot_interfaces:/home/prudy/ros2_ws/install/my_py_pkg:/home/prudy/install/my_py_pkg:/opt/ros/humble LD_LIBRARY_PATH=/home/prudy/ros2_ws/src/install/my_robot_interfaces/lib:${LD_LIBRARY_PATH} PYTHONPATH=/home/prudy/ros2_ws/src/install/my_py_pkg/lib/python3.10/site-packages:/home/prudy/ros2_ws/src/install/my_robot_interfaces/local/lib/python3.10/dist-packages:${PYTHONPATH} /usr/bin/cmake --build /home/prudy/ros2_ws/src/build/my_robot_bringup -- -j2 -l2
[2.928s] Invoked command in '/home/prudy/ros2_ws/src/build/my_robot_bringup' returned '0': AMENT_PREFIX_PATH=/home/prudy/ros2_ws/src/install/my_py_pkg:/home/prudy/ros2_ws/src/install/my_robot_interfaces:${AMENT_PREFIX_PATH} CMAKE_PREFIX_PATH=/home/prudy/ros2_ws/src/install/my_robot_interfaces:/home/prudy/ros2_ws/install/my_robot_bringup:/home/prudy/ros2_ws/install/my_robot_interfaces:/home/prudy/install/my_robot_bringup:/home/prudy/install/my_robot_interfaces:/home/prudy/ros2_ws/install/my_py_pkg:/home/prudy/install/my_py_pkg:/opt/ros/humble LD_LIBRARY_PATH=/home/prudy/ros2_ws/src/install/my_robot_interfaces/lib:${LD_LIBRARY_PATH} PYTHONPATH=/home/prudy/ros2_ws/src/install/my_py_pkg/lib/python3.10/site-packages:/home/prudy/ros2_ws/src/install/my_robot_interfaces/local/lib/python3.10/dist-packages:${PYTHONPATH} /usr/bin/cmake --build /home/prudy/ros2_ws/src/build/my_robot_bringup -- -j2 -l2
[2.931s] Invoking command in '/home/prudy/ros2_ws/src/build/my_robot_bringup': AMENT_PREFIX_PATH=/home/prudy/ros2_ws/src/install/my_py_pkg:/home/prudy/ros2_ws/src/install/my_robot_interfaces:${AMENT_PREFIX_PATH} CMAKE_PREFIX_PATH=/home/prudy/ros2_ws/src/install/my_robot_interfaces:/home/prudy/ros2_ws/install/my_robot_bringup:/home/prudy/ros2_ws/install/my_robot_interfaces:/home/prudy/install/my_robot_bringup:/home/prudy/install/my_robot_interfaces:/home/prudy/ros2_ws/install/my_py_pkg:/home/prudy/install/my_py_pkg:/opt/ros/humble LD_LIBRARY_PATH=/home/prudy/ros2_ws/src/install/my_robot_interfaces/lib:${LD_LIBRARY_PATH} PYTHONPATH=/home/prudy/ros2_ws/src/install/my_py_pkg/lib/python3.10/site-packages:/home/prudy/ros2_ws/src/install/my_robot_interfaces/local/lib/python3.10/dist-packages:${PYTHONPATH} /usr/bin/cmake --install /home/prudy/ros2_ws/src/build/my_robot_bringup
[2.952s] -- Install configuration: ""
[2.952s] -- Installing: /home/prudy/ros2_ws/src/install/my_robot_bringup/share/my_robot_bringup/launch
[2.953s] -- Installing: /home/prudy/ros2_ws/src/install/my_robot_bringup/share/my_robot_bringup/launch/number_app.launch.py
[2.954s] -- Installing: /home/prudy/ros2_ws/src/install/my_robot_bringup/share/my_robot_bringup/launch/number_app.launch.xml
[2.973s] -- Installing: /home/prudy/ros2_ws/src/install/my_robot_bringup/share/my_robot_bringup/launch/robot_news.launch.xml
[2.986s] -- Installing: /home/prudy/ros2_ws/src/install/my_robot_bringup/share/ament_index/resource_index/package_run_dependencies/my_robot_bringup
[2.988s] -- Installing: /home/prudy/ros2_ws/src/install/my_robot_bringup/share/ament_index/resource_index/parent_prefix_path/my_robot_bringup
[2.988s] -- Installing: /home/prudy/ros2_ws/src/install/my_robot_bringup/share/my_robot_bringup/environment/ament_prefix_path.sh
[2.988s] -- Installing: /home/prudy/ros2_ws/src/install/my_robot_bringup/share/my_robot_bringup/environment/ament_prefix_path.dsv
[2.989s] -- Installing: /home/prudy/ros2_ws/src/install/my_robot_bringup/share/my_robot_bringup/environment/path.sh
[2.989s] -- Installing: /home/prudy/ros2_ws/src/install/my_robot_bringup/share/my_robot_bringup/environment/path.dsv
[2.992s] -- Installing: /home/prudy/ros2_ws/src/install/my_robot_bringup/share/my_robot_bringup/local_setup.bash
[2.992s] -- Installing: /home/prudy/ros2_ws/src/install/my_robot_bringup/share/my_robot_bringup/local_setup.sh
[2.992s] -- Installing: /home/prudy/ros2_ws/src/install/my_robot_bringup/share/my_robot_bringup/local_setup.zsh
[2.994s] -- Installing: /home/prudy/ros2_ws/src/install/my_robot_bringup/share/my_robot_bringup/local_setup.dsv
[2.994s] -- Installing: /home/prudy/ros2_ws/src/install/my_robot_bringup/share/my_robot_bringup/package.dsv
[2.994s] -- Installing: /home/prudy/ros2_ws/src/install/my_robot_bringup/share/ament_index/resource_index/packages/my_robot_bringup
[2.997s] -- Installing: /home/prudy/ros2_ws/src/install/my_robot_bringup/share/my_robot_bringup/cmake/my_robot_bringupConfig.cmake
[2.997s] -- Installing: /home/prudy/ros2_ws/src/install/my_robot_bringup/share/my_robot_bringup/cmake/my_robot_bringupConfig-version.cmake
[2.999s] -- Installing: /home/prudy/ros2_ws/src/install/my_robot_bringup/share/my_robot_bringup/package.xml
[3.003s] Invoked command in '/home/prudy/ros2_ws/src/build/my_robot_bringup' returned '0': AMENT_PREFIX_PATH=/home/prudy/ros2_ws/src/install/my_py_pkg:/home/prudy/ros2_ws/src/install/my_robot_interfaces:${AMENT_PREFIX_PATH} CMAKE_PREFIX_PATH=/home/prudy/ros2_ws/src/install/my_robot_interfaces:/home/prudy/ros2_ws/install/my_robot_bringup:/home/prudy/ros2_ws/install/my_robot_interfaces:/home/prudy/install/my_robot_bringup:/home/prudy/install/my_robot_interfaces:/home/prudy/ros2_ws/install/my_py_pkg:/home/prudy/install/my_py_pkg:/opt/ros/humble LD_LIBRARY_PATH=/home/prudy/ros2_ws/src/install/my_robot_interfaces/lib:${LD_LIBRARY_PATH} PYTHONPATH=/home/prudy/ros2_ws/src/install/my_py_pkg/lib/python3.10/site-packages:/home/prudy/ros2_ws/src/install/my_robot_interfaces/local/lib/python3.10/dist-packages:${PYTHONPATH} /usr/bin/cmake --install /home/prudy/ros2_ws/src/build/my_robot_bringup
