[3.637s] Invoking command in '/home/prudy/ros2_ws/src/my_py_pkg': AMENT_PREFIX_PATH=/home/prudy/ros2_ws/src/install/my_robot_interfaces:${AMENT_PREFIX_PATH} CMAKE_PREFIX_PATH=/home/prudy/ros2_ws/src/install/my_robot_interfaces:${CMAKE_PREFIX_PATH} LD_LIBRARY_PATH=/home/prudy/ros2_ws/src/install/my_robot_interfaces/lib:${LD_LIBRARY_PATH} PYTHONPATH=/home/prudy/ros2_ws/src/build/my_py_pkg/prefix_override:/usr/lib/python3/dist-packages/colcon_core/task/python/colcon_distutils_commands:/home/prudy/ros2_ws/src/install/my_py_pkg/lib/python3.10/site-packages:/home/prudy/ros2_ws/src/install/my_robot_interfaces/local/lib/python3.10/dist-packages:${PYTHONPATH} /usr/bin/python3 -W ignore:setup.py install is deprecated -W ignore:easy_install command is deprecated setup.py egg_info --egg-base ../build/my_py_pkg build --build-base /home/prudy/ros2_ws/src/build/my_py_pkg/build install --record /home/prudy/ros2_ws/src/build/my_py_pkg/install.log --single-version-externally-managed install_data
[5.039s] running egg_info
[5.044s] writing ../build/my_py_pkg/my_py_pkg.egg-info/PKG-INFO
[5.047s] writing dependency_links to ../build/my_py_pkg/my_py_pkg.egg-info/dependency_links.txt
[5.050s] writing entry points to ../build/my_py_pkg/my_py_pkg.egg-info/entry_points.txt
[5.054s] writing requirements to ../build/my_py_pkg/my_py_pkg.egg-info/requires.txt
[5.058s] writing top-level names to ../build/my_py_pkg/my_py_pkg.egg-info/top_level.txt
[5.067s] reading manifest file '../build/my_py_pkg/my_py_pkg.egg-info/SOURCES.txt'
[5.115s] writing manifest file '../build/my_py_pkg/my_py_pkg.egg-info/SOURCES.txt'
[5.118s] running build
[5.119s] running build_py
[5.122s] copying my_py_pkg/LED_panel_server.py -> /home/prudy/ros2_ws/src/build/my_py_pkg/build/lib/my_py_pkg
[5.122s] copying my_py_pkg/battery_client.py -> /home/prudy/ros2_ws/src/build/my_py_pkg/build/lib/my_py_pkg
[5.126s] running install
[5.130s] running install_lib
[5.136s] copying /home/prudy/ros2_ws/src/build/my_py_pkg/build/lib/my_py_pkg/LED_panel_server.py -> /home/prudy/ros2_ws/src/install/my_py_pkg/lib/python3.10/site-packages/my_py_pkg
[5.137s] copying /home/prudy/ros2_ws/src/build/my_py_pkg/build/lib/my_py_pkg/battery_client.py -> /home/prudy/ros2_ws/src/install/my_py_pkg/lib/python3.10/site-packages/my_py_pkg
[5.143s] byte-compiling /home/prudy/ros2_ws/src/install/my_py_pkg/lib/python3.10/site-packages/my_py_pkg/LED_panel_server.py to LED_panel_server.cpython-310.pyc
[5.145s] byte-compiling /home/prudy/ros2_ws/src/install/my_py_pkg/lib/python3.10/site-packages/my_py_pkg/battery_client.py to battery_client.cpython-310.pyc
[5.151s] running install_data
[5.151s] running install_egg_info
[5.164s] removing '/home/prudy/ros2_ws/src/install/my_py_pkg/lib/python3.10/site-packages/my_py_pkg-0.0.0-py3.10.egg-info' (and everything under it)
[5.166s] Copying ../build/my_py_pkg/my_py_pkg.egg-info to /home/prudy/ros2_ws/src/install/my_py_pkg/lib/python3.10/site-packages/my_py_pkg-0.0.0-py3.10.egg-info
[5.182s] running install_scripts
[5.281s] Installing LED_panel_server script to /home/prudy/ros2_ws/src/install/my_py_pkg/lib/my_py_pkg
[5.283s] Installing add_two_ints_client_no_oop script to /home/prudy/ros2_ws/src/install/my_py_pkg/lib/my_py_pkg
[5.285s] Installing add_two_ints_client_oop script to /home/prudy/ros2_ws/src/install/my_py_pkg/lib/my_py_pkg
[5.287s] Installing add_two_ints_server script to /home/prudy/ros2_ws/src/install/my_py_pkg/lib/my_py_pkg
[5.289s] Installing hardware_status_publisher script to /home/prudy/ros2_ws/src/install/my_py_pkg/lib/my_py_pkg
[5.294s] Installing number_counter script to /home/prudy/ros2_ws/src/install/my_py_pkg/lib/my_py_pkg
[5.295s] Installing number_publisher script to /home/prudy/ros2_ws/src/install/my_py_pkg/lib/my_py_pkg
[5.295s] Installing py_node script to /home/prudy/ros2_ws/src/install/my_py_pkg/lib/my_py_pkg
[5.295s] Installing robot_news_station script to /home/prudy/ros2_ws/src/install/my_py_pkg/lib/my_py_pkg
[5.295s] Installing smartphone script to /home/prudy/ros2_ws/src/install/my_py_pkg/lib/my_py_pkg
[5.300s] writing list of installed files to '/home/prudy/ros2_ws/src/build/my_py_pkg/install.log'
[5.417s] Invoked command in '/home/prudy/ros2_ws/src/my_py_pkg' returned '0': AMENT_PREFIX_PATH=/home/prudy/ros2_ws/src/install/my_robot_interfaces:${AMENT_PREFIX_PATH} CMAKE_PREFIX_PATH=/home/prudy/ros2_ws/src/install/my_robot_interfaces:${CMAKE_PREFIX_PATH} LD_LIBRARY_PATH=/home/prudy/ros2_ws/src/install/my_robot_interfaces/lib:${LD_LIBRARY_PATH} PYTHONPATH=/home/prudy/ros2_ws/src/build/my_py_pkg/prefix_override:/usr/lib/python3/dist-packages/colcon_core/task/python/colcon_distutils_commands:/home/prudy/ros2_ws/src/install/my_py_pkg/lib/python3.10/site-packages:/home/prudy/ros2_ws/src/install/my_robot_interfaces/local/lib/python3.10/dist-packages:${PYTHONPATH} /usr/bin/python3 -W ignore:setup.py install is deprecated -W ignore:easy_install command is deprecated setup.py egg_info --egg-base ../build/my_py_pkg build --build-base /home/prudy/ros2_ws/src/build/my_py_pkg/build install --record /home/prudy/ros2_ws/src/build/my_py_pkg/install.log --single-version-externally-managed install_data
