[0.034s] Invoking command in '/home/prudy/ros2_ws/src/build/my_robot_interfaces': CMAKE_PREFIX_PATH=${CMAKE_PREFIX_PATH}:/home/prudy/ros2_ws/install/my_py_pkg:/home/prudy/install/my_py_pkg:/opt/ros/humble /usr/bin/cmake --build /home/prudy/ros2_ws/src/build/my_robot_interfaces -- -j2 -l2
[0.533s] -- Found ament_cmake: 1.3.11 (/opt/ros/humble/share/ament_cmake/cmake)
[1.270s] -- Found rosidl_default_generators: 1.2.0 (/opt/ros/humble/share/rosidl_default_generators/cmake)
[1.345s] -- Using all available rosidl_typesupport_c: rosidl_typesupport_fastrtps_c;rosidl_typesupport_introspection_c
[1.402s] -- Found rosidl_adapter: 3.1.6 (/opt/ros/humble/share/rosidl_adapter/cmake)
[1.886s] -- Using all available rosidl_typesupport_cpp: rosidl_typesupport_fastrtps_cpp;rosidl_typesupport_introspection_cpp
[2.967s] -- Found ament_cmake_ros: 0.10.0 (/opt/ros/humble/share/ament_cmake_ros/cmake)
[3.696s] -- Using all available rosidl_typesupport_c: rosidl_typesupport_fastrtps_c;rosidl_typesupport_introspection_c
[4.443s] -- Using all available rosidl_typesupport_cpp: rosidl_typesupport_fastrtps_cpp;rosidl_typesupport_introspection_cpp
[4.565s] -- Found python_cmake_module: 0.10.0 (/opt/ros/humble/share/python_cmake_module/cmake)
[4.666s] -- Using PYTHON_EXECUTABLE: /usr/bin/python3
[4.672s] -- Using PYTHON_INCLUDE_DIRS: /usr/include/python3.10
[4.672s] -- Using PYTHON_LIBRARIES: /usr/lib/x86_64-linux-gnu/libpython3.10.so
[4.919s] -- Configuring done
[5.185s] -- Generating done
[5.280s] -- Build files have been written to: /home/prudy/ros2_ws/src/build/my_robot_interfaces
[5.396s] [  3%] Built target my_robot_interfaces__cpp
[5.419s] [35m[1mConsolidate compiler generated dependencies of target my_robot_interfaces__rosidl_generator_c[0m
[5.449s] [ 12%] Built target my_robot_interfaces__rosidl_generator_c
[5.517s] [ 12%] Built target ament_cmake_python_copy_my_robot_interfaces
[5.540s] [35m[1mConsolidate compiler generated dependencies of target my_robot_interfaces__rosidl_typesupport_cpp[0m
[5.567s] [ 22%] Built target my_robot_interfaces__rosidl_typesupport_cpp
[5.593s] [35m[1mConsolidate compiler generated dependencies of target my_robot_interfaces__rosidl_typesupport_fastrtps_c[0m
[5.641s] [ 32%] Built target my_robot_interfaces__rosidl_typesupport_fastrtps_c
[5.677s] [35m[1mConsolidate compiler generated dependencies of target my_robot_interfaces__rosidl_typesupport_introspection_c[0m
[5.707s] [ 41%] Built target my_robot_interfaces__rosidl_typesupport_introspection_c
[5.751s] [35m[1mConsolidate compiler generated dependencies of target my_robot_interfaces__rosidl_typesupport_c[0m
[5.792s] [ 51%] Built target my_robot_interfaces__rosidl_typesupport_c
[5.821s] [35m[1mConsolidate compiler generated dependencies of target my_robot_interfaces__rosidl_typesupport_fastrtps_cpp[0m
[5.852s] [ 61%] Built target my_robot_interfaces__rosidl_typesupport_fastrtps_cpp
[5.884s] [35m[1mConsolidate compiler generated dependencies of target my_robot_interfaces__rosidl_typesupport_introspection_cpp[0m
[5.920s] [ 70%] Built target my_robot_interfaces__rosidl_typesupport_introspection_cpp
[6.760s] running egg_info
[6.763s] writing my_robot_interfaces.egg-info/PKG-INFO
[6.766s] writing dependency_links to my_robot_interfaces.egg-info/dependency_links.txt
[6.767s] writing top-level names to my_robot_interfaces.egg-info/top_level.txt
[6.774s] reading manifest file 'my_robot_interfaces.egg-info/SOURCES.txt'
[6.839s] writing manifest file 'my_robot_interfaces.egg-info/SOURCES.txt'
[6.937s] [ 70%] Built target ament_cmake_python_build_my_robot_interfaces_egg
[7.019s] [ 70%] Built target my_robot_interfaces
[7.087s] [ 74%] Built target my_robot_interfaces__py
[7.127s] [35m[1mConsolidate compiler generated dependencies of target my_robot_interfaces__rosidl_generator_py[0m
[7.170s] [ 80%] Built target my_robot_interfaces__rosidl_generator_py
[7.214s] [35m[1mConsolidate compiler generated dependencies of target my_robot_interfaces__rosidl_typesupport_fastrtps_c__pyext[0m
[7.251s] [ 87%] Built target my_robot_interfaces__rosidl_typesupport_fastrtps_c__pyext
[7.278s] [35m[1mConsolidate compiler generated dependencies of target my_robot_interfaces__rosidl_typesupport_introspection_c__pyext[0m
[7.318s] [ 93%] Built target my_robot_interfaces__rosidl_typesupport_introspection_c__pyext
[7.361s] [35m[1mConsolidate compiler generated dependencies of target my_robot_interfaces__rosidl_typesupport_c__pyext[0m
[7.393s] [100%] Built target my_robot_interfaces__rosidl_typesupport_c__pyext
[7.429s] Invoked command in '/home/prudy/ros2_ws/src/build/my_robot_interfaces' returned '0': CMAKE_PREFIX_PATH=${CMAKE_PREFIX_PATH}:/home/prudy/ros2_ws/install/my_py_pkg:/home/prudy/install/my_py_pkg:/opt/ros/humble /usr/bin/cmake --build /home/prudy/ros2_ws/src/build/my_robot_interfaces -- -j2 -l2
[7.456s] Invoking command in '/home/prudy/ros2_ws/src/build/my_robot_interfaces': CMAKE_PREFIX_PATH=${CMAKE_PREFIX_PATH}:/home/prudy/ros2_ws/install/my_py_pkg:/home/prudy/install/my_py_pkg:/opt/ros/humble /usr/bin/cmake --install /home/prudy/ros2_ws/src/build/my_robot_interfaces
[7.476s] -- Install configuration: ""
[7.479s] -- Up-to-date: /home/prudy/ros2_ws/src/install/my_robot_interfaces/share/ament_index/resource_index/rosidl_interfaces/my_robot_interfaces
[7.479s] -- Up-to-date: /home/prudy/ros2_ws/src/install/my_robot_interfaces/include/my_robot_interfaces/my_robot_interfaces
[7.481s] -- Up-to-date: /home/prudy/ros2_ws/src/install/my_robot_interfaces/include/my_robot_interfaces/my_robot_interfaces/msg
[7.482s] -- Up-to-date: /home/prudy/ros2_ws/src/install/my_robot_interfaces/include/my_robot_interfaces/my_robot_interfaces/msg/hardware_status.h
[7.484s] -- Up-to-date: /home/prudy/ros2_ws/src/install/my_robot_interfaces/include/my_robot_interfaces/my_robot_interfaces/msg/detail
[7.485s] -- Up-to-date: /home/prudy/ros2_ws/src/install/my_robot_interfaces/include/my_robot_interfaces/my_robot_interfaces/msg/detail/hardware_status__type_support.h
[7.487s] -- Up-to-date: /home/prudy/ros2_ws/src/install/my_robot_interfaces/include/my_robot_interfaces/my_robot_interfaces/msg/detail/hardware_status__functions.h
[7.488s] -- Up-to-date: /home/prudy/ros2_ws/src/install/my_robot_interfaces/include/my_robot_interfaces/my_robot_interfaces/msg/detail/hardware_status__struct.h
[7.492s] -- Up-to-date: /home/prudy/ros2_ws/src/install/my_robot_interfaces/include/my_robot_interfaces/my_robot_interfaces/msg/detail/hardware_status__functions.c
[7.492s] -- Up-to-date: /home/prudy/ros2_ws/src/install/my_robot_interfaces/include/my_robot_interfaces/my_robot_interfaces/msg/rosidl_generator_c__visibility_control.h
[7.493s] -- Up-to-date: /home/prudy/ros2_ws/src/install/my_robot_interfaces/share/my_robot_interfaces/environment/library_path.sh
[7.493s] -- Installing: /home/prudy/ros2_ws/src/install/my_robot_interfaces/share/my_robot_interfaces/environment/library_path.dsv
[7.493s] -- Up-to-date: /home/prudy/ros2_ws/src/install/my_robot_interfaces/lib/libmy_robot_interfaces__rosidl_generator_c.so
[7.493s] -- Up-to-date: /home/prudy/ros2_ws/src/install/my_robot_interfaces/include/my_robot_interfaces/my_robot_interfaces
[7.498s] -- Up-to-date: /home/prudy/ros2_ws/src/install/my_robot_interfaces/include/my_robot_interfaces/my_robot_interfaces/msg
[7.498s] -- Up-to-date: /home/prudy/ros2_ws/src/install/my_robot_interfaces/include/my_robot_interfaces/my_robot_interfaces/msg/detail
[7.499s] -- Up-to-date: /home/prudy/ros2_ws/src/install/my_robot_interfaces/include/my_robot_interfaces/my_robot_interfaces/msg/detail/hardware_status__rosidl_typesupport_fastrtps_c.h
[7.499s] -- Up-to-date: /home/prudy/ros2_ws/src/install/my_robot_interfaces/include/my_robot_interfaces/my_robot_interfaces/msg/rosidl_typesupport_fastrtps_c__visibility_control.h
[7.499s] -- Up-to-date: /home/prudy/ros2_ws/src/install/my_robot_interfaces/lib/libmy_robot_interfaces__rosidl_typesupport_fastrtps_c.so
[7.502s] -- Up-to-date: /home/prudy/ros2_ws/src/install/my_robot_interfaces/include/my_robot_interfaces/my_robot_interfaces
[7.503s] -- Up-to-date: /home/prudy/ros2_ws/src/install/my_robot_interfaces/include/my_robot_interfaces/my_robot_interfaces/msg
[7.503s] -- Up-to-date: /home/prudy/ros2_ws/src/install/my_robot_interfaces/include/my_robot_interfaces/my_robot_interfaces/msg/rosidl_typesupport_introspection_c__visibility_control.h
[7.503s] -- Up-to-date: /home/prudy/ros2_ws/src/install/my_robot_interfaces/include/my_robot_interfaces/my_robot_interfaces/msg/detail
[7.503s] -- Up-to-date: /home/prudy/ros2_ws/src/install/my_robot_interfaces/include/my_robot_interfaces/my_robot_interfaces/msg/detail/hardware_status__rosidl_typesupport_introspection_c.h
[7.503s] -- Up-to-date: /home/prudy/ros2_ws/src/install/my_robot_interfaces/include/my_robot_interfaces/my_robot_interfaces/msg/detail/hardware_status__type_support.c
[7.504s] -- Up-to-date: /home/prudy/ros2_ws/src/install/my_robot_interfaces/lib/libmy_robot_interfaces__rosidl_typesupport_introspection_c.so
[7.504s] -- Up-to-date: /home/prudy/ros2_ws/src/install/my_robot_interfaces/lib/libmy_robot_interfaces__rosidl_typesupport_c.so
[7.512s] -- Up-to-date: /home/prudy/ros2_ws/src/install/my_robot_interfaces/include/my_robot_interfaces/my_robot_interfaces
[7.512s] -- Up-to-date: /home/prudy/ros2_ws/src/install/my_robot_interfaces/include/my_robot_interfaces/my_robot_interfaces/msg
[7.512s] -- Up-to-date: /home/prudy/ros2_ws/src/install/my_robot_interfaces/include/my_robot_interfaces/my_robot_interfaces/msg/rosidl_generator_cpp__visibility_control.hpp
[7.512s] -- Up-to-date: /home/prudy/ros2_ws/src/install/my_robot_interfaces/include/my_robot_interfaces/my_robot_interfaces/msg/detail
[7.513s] -- Up-to-date: /home/prudy/ros2_ws/src/install/my_robot_interfaces/include/my_robot_interfaces/my_robot_interfaces/msg/detail/hardware_status__traits.hpp
[7.513s] -- Up-to-date: /home/prudy/ros2_ws/src/install/my_robot_interfaces/include/my_robot_interfaces/my_robot_interfaces/msg/detail/hardware_status__type_support.hpp
[7.518s] -- Up-to-date: /home/prudy/ros2_ws/src/install/my_robot_interfaces/include/my_robot_interfaces/my_robot_interfaces/msg/detail/hardware_status__struct.hpp
[7.518s] -- Up-to-date: /home/prudy/ros2_ws/src/install/my_robot_interfaces/include/my_robot_interfaces/my_robot_interfaces/msg/detail/hardware_status__builder.hpp
[7.518s] -- Up-to-date: /home/prudy/ros2_ws/src/install/my_robot_interfaces/include/my_robot_interfaces/my_robot_interfaces/msg/hardware_status.hpp
[7.518s] -- Up-to-date: /home/prudy/ros2_ws/src/install/my_robot_interfaces/include/my_robot_interfaces/my_robot_interfaces
[7.519s] -- Up-to-date: /home/prudy/ros2_ws/src/install/my_robot_interfaces/include/my_robot_interfaces/my_robot_interfaces/msg
[7.519s] -- Up-to-date: /home/prudy/ros2_ws/src/install/my_robot_interfaces/include/my_robot_interfaces/my_robot_interfaces/msg/rosidl_typesupport_fastrtps_cpp__visibility_control.h
[7.519s] -- Up-to-date: /home/prudy/ros2_ws/src/install/my_robot_interfaces/include/my_robot_interfaces/my_robot_interfaces/msg/detail
[7.523s] -- Up-to-date: /home/prudy/ros2_ws/src/install/my_robot_interfaces/include/my_robot_interfaces/my_robot_interfaces/msg/detail/dds_fastrtps
[7.525s] -- Up-to-date: /home/prudy/ros2_ws/src/install/my_robot_interfaces/include/my_robot_interfaces/my_robot_interfaces/msg/detail/hardware_status__rosidl_typesupport_fastrtps_cpp.hpp
[7.525s] -- Up-to-date: /home/prudy/ros2_ws/src/install/my_robot_interfaces/lib/libmy_robot_interfaces__rosidl_typesupport_fastrtps_cpp.so
[7.526s] -- Up-to-date: /home/prudy/ros2_ws/src/install/my_robot_interfaces/include/my_robot_interfaces/my_robot_interfaces
[7.526s] -- Up-to-date: /home/prudy/ros2_ws/src/install/my_robot_interfaces/include/my_robot_interfaces/my_robot_interfaces/msg
[7.526s] -- Up-to-date: /home/prudy/ros2_ws/src/install/my_robot_interfaces/include/my_robot_interfaces/my_robot_interfaces/msg/detail
[7.526s] -- Up-to-date: /home/prudy/ros2_ws/src/install/my_robot_interfaces/include/my_robot_interfaces/my_robot_interfaces/msg/detail/hardware_status__rosidl_typesupport_introspection_cpp.hpp
[7.530s] -- Up-to-date: /home/prudy/ros2_ws/src/install/my_robot_interfaces/include/my_robot_interfaces/my_robot_interfaces/msg/detail/hardware_status__type_support.cpp
[7.530s] -- Up-to-date: /home/prudy/ros2_ws/src/install/my_robot_interfaces/lib/libmy_robot_interfaces__rosidl_typesupport_introspection_cpp.so
[7.531s] -- Up-to-date: /home/prudy/ros2_ws/src/install/my_robot_interfaces/lib/libmy_robot_interfaces__rosidl_typesupport_cpp.so
[7.531s] -- Up-to-date: /home/prudy/ros2_ws/src/install/my_robot_interfaces/share/my_robot_interfaces/environment/pythonpath.sh
[7.531s] -- Installing: /home/prudy/ros2_ws/src/install/my_robot_interfaces/share/my_robot_interfaces/environment/pythonpath.dsv
[7.531s] -- Up-to-date: /home/prudy/ros2_ws/src/install/my_robot_interfaces/local/lib/python3.10/dist-packages/my_robot_interfaces-0.0.0-py3.10.egg-info
[7.532s] -- Installing: /home/prudy/ros2_ws/src/install/my_robot_interfaces/local/lib/python3.10/dist-packages/my_robot_interfaces-0.0.0-py3.10.egg-info/PKG-INFO
[7.532s] -- Installing: /home/prudy/ros2_ws/src/install/my_robot_interfaces/local/lib/python3.10/dist-packages/my_robot_interfaces-0.0.0-py3.10.egg-info/SOURCES.txt
[7.532s] -- Installing: /home/prudy/ros2_ws/src/install/my_robot_interfaces/local/lib/python3.10/dist-packages/my_robot_interfaces-0.0.0-py3.10.egg-info/dependency_links.txt
[7.537s] -- Installing: /home/prudy/ros2_ws/src/install/my_robot_interfaces/local/lib/python3.10/dist-packages/my_robot_interfaces-0.0.0-py3.10.egg-info/top_level.txt
[7.538s] -- Up-to-date: /home/prudy/ros2_ws/src/install/my_robot_interfaces/local/lib/python3.10/dist-packages/my_robot_interfaces
[7.538s] -- Up-to-date: /home/prudy/ros2_ws/src/install/my_robot_interfaces/local/lib/python3.10/dist-packages/my_robot_interfaces/my_robot_interfaces_s__rosidl_typesupport_fastrtps_c.cpython-310-x86_64-linux-gnu.so
[7.538s] -- Up-to-date: /home/prudy/ros2_ws/src/install/my_robot_interfaces/local/lib/python3.10/dist-packages/my_robot_interfaces/msg
[7.538s] -- Up-to-date: /home/prudy/ros2_ws/src/install/my_robot_interfaces/local/lib/python3.10/dist-packages/my_robot_interfaces/msg/_hardware_status.py
[7.539s] -- Up-to-date: /home/prudy/ros2_ws/src/install/my_robot_interfaces/local/lib/python3.10/dist-packages/my_robot_interfaces/msg/_hardware_status_s.c
[7.539s] -- Up-to-date: /home/prudy/ros2_ws/src/install/my_robot_interfaces/local/lib/python3.10/dist-packages/my_robot_interfaces/msg/__init__.py
[7.544s] -- Up-to-date: /home/prudy/ros2_ws/src/install/my_robot_interfaces/local/lib/python3.10/dist-packages/my_robot_interfaces/my_robot_interfaces_s__rosidl_typesupport_c.cpython-310-x86_64-linux-gnu.so
[7.544s] -- Up-to-date: /home/prudy/ros2_ws/src/install/my_robot_interfaces/local/lib/python3.10/dist-packages/my_robot_interfaces/my_robot_interfaces_s__rosidl_typesupport_introspection_c.cpython-310-x86_64-linux-gnu.so
[7.545s] -- Up-to-date: /home/prudy/ros2_ws/src/install/my_robot_interfaces/local/lib/python3.10/dist-packages/my_robot_interfaces/_my_robot_interfaces_s.ep.rosidl_typesupport_c.c
[7.545s] -- Up-to-date: /home/prudy/ros2_ws/src/install/my_robot_interfaces/local/lib/python3.10/dist-packages/my_robot_interfaces/_my_robot_interfaces_s.ep.rosidl_typesupport_introspection_c.c
[7.545s] -- Up-to-date: /home/prudy/ros2_ws/src/install/my_robot_interfaces/local/lib/python3.10/dist-packages/my_robot_interfaces/libmy_robot_interfaces__rosidl_generator_py.so
[7.545s] -- Up-to-date: /home/prudy/ros2_ws/src/install/my_robot_interfaces/local/lib/python3.10/dist-packages/my_robot_interfaces/_my_robot_interfaces_s.ep.rosidl_typesupport_fastrtps_c.c
[7.545s] -- Installing: /home/prudy/ros2_ws/src/install/my_robot_interfaces/local/lib/python3.10/dist-packages/my_robot_interfaces/__init__.py
[7.633s] Listing '/home/prudy/ros2_ws/src/install/my_robot_interfaces/local/lib/python3.10/dist-packages/my_robot_interfaces'...
[7.633s] Compiling '/home/prudy/ros2_ws/src/install/my_robot_interfaces/local/lib/python3.10/dist-packages/my_robot_interfaces/__init__.py'...
[7.636s] Listing '/home/prudy/ros2_ws/src/install/my_robot_interfaces/local/lib/python3.10/dist-packages/my_robot_interfaces/msg'...
[7.663s] -- Up-to-date: /home/prudy/ros2_ws/src/install/my_robot_interfaces/local/lib/python3.10/dist-packages/my_robot_interfaces/my_robot_interfaces_s__rosidl_typesupport_fastrtps_c.cpython-310-x86_64-linux-gnu.so
[7.668s] -- Up-to-date: /home/prudy/ros2_ws/src/install/my_robot_interfaces/local/lib/python3.10/dist-packages/my_robot_interfaces/my_robot_interfaces_s__rosidl_typesupport_introspection_c.cpython-310-x86_64-linux-gnu.so
[7.671s] -- Up-to-date: /home/prudy/ros2_ws/src/install/my_robot_interfaces/local/lib/python3.10/dist-packages/my_robot_interfaces/my_robot_interfaces_s__rosidl_typesupport_c.cpython-310-x86_64-linux-gnu.so
[7.676s] -- Up-to-date: /home/prudy/ros2_ws/src/install/my_robot_interfaces/lib/libmy_robot_interfaces__rosidl_generator_py.so
[7.676s] -- Up-to-date: /home/prudy/ros2_ws/src/install/my_robot_interfaces/share/my_robot_interfaces/msg/HardwareStatus.idl
[7.680s] -- Installing: /home/prudy/ros2_ws/src/install/my_robot_interfaces/share/my_robot_interfaces/msg/HardwareStatus.msg
[7.681s] -- Up-to-date: /home/prudy/ros2_ws/src/install/my_robot_interfaces/share/ament_index/resource_index/package_run_dependencies/my_robot_interfaces
[7.682s] -- Installing: /home/prudy/ros2_ws/src/install/my_robot_interfaces/share/ament_index/resource_index/parent_prefix_path/my_robot_interfaces
[7.682s] -- Up-to-date: /home/prudy/ros2_ws/src/install/my_robot_interfaces/share/my_robot_interfaces/environment/ament_prefix_path.sh
[7.686s] -- Installing: /home/prudy/ros2_ws/src/install/my_robot_interfaces/share/my_robot_interfaces/environment/ament_prefix_path.dsv
[7.687s] -- Up-to-date: /home/prudy/ros2_ws/src/install/my_robot_interfaces/share/my_robot_interfaces/environment/path.sh
[7.687s] -- Installing: /home/prudy/ros2_ws/src/install/my_robot_interfaces/share/my_robot_interfaces/environment/path.dsv
[7.687s] -- Up-to-date: /home/prudy/ros2_ws/src/install/my_robot_interfaces/share/my_robot_interfaces/local_setup.bash
[7.687s] -- Up-to-date: /home/prudy/ros2_ws/src/install/my_robot_interfaces/share/my_robot_interfaces/local_setup.sh
[7.687s] -- Up-to-date: /home/prudy/ros2_ws/src/install/my_robot_interfaces/share/my_robot_interfaces/local_setup.zsh
[7.688s] -- Installing: /home/prudy/ros2_ws/src/install/my_robot_interfaces/share/my_robot_interfaces/local_setup.dsv
[7.688s] -- Installing: /home/prudy/ros2_ws/src/install/my_robot_interfaces/share/my_robot_interfaces/package.dsv
[7.692s] -- Up-to-date: /home/prudy/ros2_ws/src/install/my_robot_interfaces/share/ament_index/resource_index/packages/my_robot_interfaces
[7.693s] -- Up-to-date: /home/prudy/ros2_ws/src/install/my_robot_interfaces/share/my_robot_interfaces/cmake/export_my_robot_interfaces__rosidl_generator_cExport.cmake
[7.694s] -- Up-to-date: /home/prudy/ros2_ws/src/install/my_robot_interfaces/share/my_robot_interfaces/cmake/export_my_robot_interfaces__rosidl_generator_cExport-noconfig.cmake
[7.697s] -- Up-to-date: /home/prudy/ros2_ws/src/install/my_robot_interfaces/share/my_robot_interfaces/cmake/export_my_robot_interfaces__rosidl_typesupport_fastrtps_cExport.cmake
[7.700s] -- Up-to-date: /home/prudy/ros2_ws/src/install/my_robot_interfaces/share/my_robot_interfaces/cmake/export_my_robot_interfaces__rosidl_typesupport_fastrtps_cExport-noconfig.cmake
[7.703s] -- Up-to-date: /home/prudy/ros2_ws/src/install/my_robot_interfaces/share/my_robot_interfaces/cmake/my_robot_interfaces__rosidl_typesupport_introspection_cExport.cmake
[7.704s] -- Up-to-date: /home/prudy/ros2_ws/src/install/my_robot_interfaces/share/my_robot_interfaces/cmake/my_robot_interfaces__rosidl_typesupport_introspection_cExport-noconfig.cmake
[7.706s] -- Up-to-date: /home/prudy/ros2_ws/src/install/my_robot_interfaces/share/my_robot_interfaces/cmake/my_robot_interfaces__rosidl_typesupport_cExport.cmake
[7.707s] -- Up-to-date: /home/prudy/ros2_ws/src/install/my_robot_interfaces/share/my_robot_interfaces/cmake/my_robot_interfaces__rosidl_typesupport_cExport-noconfig.cmake
[7.708s] -- Up-to-date: /home/prudy/ros2_ws/src/install/my_robot_interfaces/share/my_robot_interfaces/cmake/export_my_robot_interfaces__rosidl_generator_cppExport.cmake
[7.710s] -- Up-to-date: /home/prudy/ros2_ws/src/install/my_robot_interfaces/share/my_robot_interfaces/cmake/export_my_robot_interfaces__rosidl_typesupport_fastrtps_cppExport.cmake
[7.711s] -- Up-to-date: /home/prudy/ros2_ws/src/install/my_robot_interfaces/share/my_robot_interfaces/cmake/export_my_robot_interfaces__rosidl_typesupport_fastrtps_cppExport-noconfig.cmake
[7.711s] -- Up-to-date: /home/prudy/ros2_ws/src/install/my_robot_interfaces/share/my_robot_interfaces/cmake/my_robot_interfaces__rosidl_typesupport_introspection_cppExport.cmake
[7.714s] -- Up-to-date: /home/prudy/ros2_ws/src/install/my_robot_interfaces/share/my_robot_interfaces/cmake/my_robot_interfaces__rosidl_typesupport_introspection_cppExport-noconfig.cmake
[7.717s] -- Up-to-date: /home/prudy/ros2_ws/src/install/my_robot_interfaces/share/my_robot_interfaces/cmake/my_robot_interfaces__rosidl_typesupport_cppExport.cmake
[7.717s] -- Up-to-date: /home/prudy/ros2_ws/src/install/my_robot_interfaces/share/my_robot_interfaces/cmake/my_robot_interfaces__rosidl_typesupport_cppExport-noconfig.cmake
[7.719s] -- Up-to-date: /home/prudy/ros2_ws/src/install/my_robot_interfaces/share/my_robot_interfaces/cmake/export_my_robot_interfaces__rosidl_generator_pyExport.cmake
[7.720s] -- Up-to-date: /home/prudy/ros2_ws/src/install/my_robot_interfaces/share/my_robot_interfaces/cmake/export_my_robot_interfaces__rosidl_generator_pyExport-noconfig.cmake
[7.720s] -- Up-to-date: /home/prudy/ros2_ws/src/install/my_robot_interfaces/share/my_robot_interfaces/cmake/rosidl_cmake-extras.cmake
[7.721s] -- Up-to-date: /home/prudy/ros2_ws/src/install/my_robot_interfaces/share/my_robot_interfaces/cmake/ament_cmake_export_include_directories-extras.cmake
[7.721s] -- Up-to-date: /home/prudy/ros2_ws/src/install/my_robot_interfaces/share/my_robot_interfaces/cmake/ament_cmake_export_libraries-extras.cmake
[7.723s] -- Up-to-date: /home/prudy/ros2_ws/src/install/my_robot_interfaces/share/my_robot_interfaces/cmake/ament_cmake_export_targets-extras.cmake
[7.723s] -- Up-to-date: /home/prudy/ros2_ws/src/install/my_robot_interfaces/share/my_robot_interfaces/cmake/rosidl_cmake_export_typesupport_targets-extras.cmake
[7.725s] -- Up-to-date: /home/prudy/ros2_ws/src/install/my_robot_interfaces/share/my_robot_interfaces/cmake/ament_cmake_export_dependencies-extras.cmake
[7.726s] -- Up-to-date: /home/prudy/ros2_ws/src/install/my_robot_interfaces/share/my_robot_interfaces/cmake/rosidl_cmake_export_typesupport_libraries-extras.cmake
[7.729s] -- Up-to-date: /home/prudy/ros2_ws/src/install/my_robot_interfaces/share/my_robot_interfaces/cmake/my_robot_interfacesConfig.cmake
[7.730s] -- Up-to-date: /home/prudy/ros2_ws/src/install/my_robot_interfaces/share/my_robot_interfaces/cmake/my_robot_interfacesConfig-version.cmake
[7.731s] -- Up-to-date: /home/prudy/ros2_ws/src/install/my_robot_interfaces/share/my_robot_interfaces/package.xml
[7.739s] Invoked command in '/home/prudy/ros2_ws/src/build/my_robot_interfaces' returned '0': CMAKE_PREFIX_PATH=${CMAKE_PREFIX_PATH}:/home/prudy/ros2_ws/install/my_py_pkg:/home/prudy/install/my_py_pkg:/opt/ros/humble /usr/bin/cmake --install /home/prudy/ros2_ws/src/build/my_robot_interfaces
