[1.890s] Invoking command in '/home/prudy/ros2_ws/src/my_py_pkg': AMENT_PREFIX_PATH=/home/prudy/ros2_ws/src/install/my_robot_interfaces:${AMENT_PREFIX_PATH} CMAKE_PREFIX_PATH=/home/prudy/ros2_ws/src/install/my_robot_interfaces:${CMAKE_PREFIX_PATH} LD_LIBRARY_PATH=/home/prudy/ros2_ws/src/install/my_robot_interfaces/lib:${LD_LIBRARY_PATH} PYTHONPATH=/home/prudy/ros2_ws/src/build/my_py_pkg/prefix_override:/usr/lib/python3/dist-packages/colcon_core/task/python/colcon_distutils_commands:/home/prudy/ros2_ws/src/install/my_py_pkg/lib/python3.10/site-packages:/home/prudy/ros2_ws/src/install/my_robot_interfaces/local/lib/python3.10/dist-packages:${PYTHONPATH} /usr/bin/python3 -W ignore:setup.py install is deprecated -W ignore:easy_install command is deprecated setup.py egg_info --egg-base ../build/my_py_pkg build --build-base /home/prudy/ros2_ws/src/build/my_py_pkg/build install --record /home/prudy/ros2_ws/src/build/my_py_pkg/install.log --single-version-externally-managed install_data
[2.560s] running egg_info
[2.564s] creating ../build/my_py_pkg/my_py_pkg.egg-info
[2.566s] writing ../build/my_py_pkg/my_py_pkg.egg-info/PKG-INFO
[2.566s] writing dependency_links to ../build/my_py_pkg/my_py_pkg.egg-info/dependency_links.txt
[2.567s] writing entry points to ../build/my_py_pkg/my_py_pkg.egg-info/entry_points.txt
[2.567s] writing requirements to ../build/my_py_pkg/my_py_pkg.egg-info/requires.txt
[2.567s] writing top-level names to ../build/my_py_pkg/my_py_pkg.egg-info/top_level.txt
[2.568s] writing manifest file '../build/my_py_pkg/my_py_pkg.egg-info/SOURCES.txt'
[2.572s] reading manifest file '../build/my_py_pkg/my_py_pkg.egg-info/SOURCES.txt'
[2.574s] writing manifest file '../build/my_py_pkg/my_py_pkg.egg-info/SOURCES.txt'
[2.574s] running build
[2.574s] running build_py
[2.575s] creating /home/prudy/ros2_ws/src/build/my_py_pkg/build
[2.576s] creating /home/prudy/ros2_ws/src/build/my_py_pkg/build/lib
[2.576s] creating /home/prudy/ros2_ws/src/build/my_py_pkg/build/lib/my_py_pkg
[2.577s] copying my_py_pkg/add_two_ints_client_oop.py -> /home/prudy/ros2_ws/src/build/my_py_pkg/build/lib/my_py_pkg
[2.577s] copying my_py_pkg/number_publisher.py -> /home/prudy/ros2_ws/src/build/my_py_pkg/build/lib/my_py_pkg
[2.579s] copying my_py_pkg/robot_news_station.py -> /home/prudy/ros2_ws/src/build/my_py_pkg/build/lib/my_py_pkg
[2.579s] copying my_py_pkg/my_first_node.py -> /home/prudy/ros2_ws/src/build/my_py_pkg/build/lib/my_py_pkg
[2.579s] copying my_py_pkg/number_counter.py -> /home/prudy/ros2_ws/src/build/my_py_pkg/build/lib/my_py_pkg
[2.580s] copying my_py_pkg/add_two_ints_client_no_oop.py -> /home/prudy/ros2_ws/src/build/my_py_pkg/build/lib/my_py_pkg
[2.580s] copying my_py_pkg/hardware_status_publisher.py -> /home/prudy/ros2_ws/src/build/my_py_pkg/build/lib/my_py_pkg
[2.602s] copying my_py_pkg/add_two_ints_server.py -> /home/prudy/ros2_ws/src/build/my_py_pkg/build/lib/my_py_pkg
[2.602s] copying my_py_pkg/python_node_template.py -> /home/prudy/ros2_ws/src/build/my_py_pkg/build/lib/my_py_pkg
[2.602s] copying my_py_pkg/smartphone.py -> /home/prudy/ros2_ws/src/build/my_py_pkg/build/lib/my_py_pkg
[2.603s] copying my_py_pkg/__init__.py -> /home/prudy/ros2_ws/src/build/my_py_pkg/build/lib/my_py_pkg
[2.604s] running install
[2.604s] running install_lib
[2.606s] creating /home/prudy/ros2_ws/src/install/my_py_pkg/lib/python3.10/site-packages/my_py_pkg
[2.607s] copying /home/prudy/ros2_ws/src/build/my_py_pkg/build/lib/my_py_pkg/add_two_ints_client_oop.py -> /home/prudy/ros2_ws/src/install/my_py_pkg/lib/python3.10/site-packages/my_py_pkg
[2.607s] copying /home/prudy/ros2_ws/src/build/my_py_pkg/build/lib/my_py_pkg/number_publisher.py -> /home/prudy/ros2_ws/src/install/my_py_pkg/lib/python3.10/site-packages/my_py_pkg
[2.607s] copying /home/prudy/ros2_ws/src/build/my_py_pkg/build/lib/my_py_pkg/robot_news_station.py -> /home/prudy/ros2_ws/src/install/my_py_pkg/lib/python3.10/site-packages/my_py_pkg
[2.608s] copying /home/prudy/ros2_ws/src/build/my_py_pkg/build/lib/my_py_pkg/my_first_node.py -> /home/prudy/ros2_ws/src/install/my_py_pkg/lib/python3.10/site-packages/my_py_pkg
[2.610s] copying /home/prudy/ros2_ws/src/build/my_py_pkg/build/lib/my_py_pkg/number_counter.py -> /home/prudy/ros2_ws/src/install/my_py_pkg/lib/python3.10/site-packages/my_py_pkg
[2.610s] copying /home/prudy/ros2_ws/src/build/my_py_pkg/build/lib/my_py_pkg/add_two_ints_client_no_oop.py -> /home/prudy/ros2_ws/src/install/my_py_pkg/lib/python3.10/site-packages/my_py_pkg
[2.611s] copying /home/prudy/ros2_ws/src/build/my_py_pkg/build/lib/my_py_pkg/hardware_status_publisher.py -> /home/prudy/ros2_ws/src/install/my_py_pkg/lib/python3.10/site-packages/my_py_pkg
[2.611s] copying /home/prudy/ros2_ws/src/build/my_py_pkg/build/lib/my_py_pkg/add_two_ints_server.py -> /home/prudy/ros2_ws/src/install/my_py_pkg/lib/python3.10/site-packages/my_py_pkg
[2.611s] copying /home/prudy/ros2_ws/src/build/my_py_pkg/build/lib/my_py_pkg/python_node_template.py -> /home/prudy/ros2_ws/src/install/my_py_pkg/lib/python3.10/site-packages/my_py_pkg
[2.611s] copying /home/prudy/ros2_ws/src/build/my_py_pkg/build/lib/my_py_pkg/smartphone.py -> /home/prudy/ros2_ws/src/install/my_py_pkg/lib/python3.10/site-packages/my_py_pkg
[2.612s] copying /home/prudy/ros2_ws/src/build/my_py_pkg/build/lib/my_py_pkg/__init__.py -> /home/prudy/ros2_ws/src/install/my_py_pkg/lib/python3.10/site-packages/my_py_pkg
[2.614s] byte-compiling /home/prudy/ros2_ws/src/install/my_py_pkg/lib/python3.10/site-packages/my_py_pkg/add_two_ints_client_oop.py to add_two_ints_client_oop.cpython-310.pyc
[2.614s] byte-compiling /home/prudy/ros2_ws/src/install/my_py_pkg/lib/python3.10/site-packages/my_py_pkg/number_publisher.py to number_publisher.cpython-310.pyc
[2.614s] byte-compiling /home/prudy/ros2_ws/src/install/my_py_pkg/lib/python3.10/site-packages/my_py_pkg/robot_news_station.py to robot_news_station.cpython-310.pyc
[2.616s] byte-compiling /home/prudy/ros2_ws/src/install/my_py_pkg/lib/python3.10/site-packages/my_py_pkg/my_first_node.py to my_first_node.cpython-310.pyc
[2.616s] byte-compiling /home/prudy/ros2_ws/src/install/my_py_pkg/lib/python3.10/site-packages/my_py_pkg/number_counter.py to number_counter.cpython-310.pyc
[2.617s] byte-compiling /home/prudy/ros2_ws/src/install/my_py_pkg/lib/python3.10/site-packages/my_py_pkg/add_two_ints_client_no_oop.py to add_two_ints_client_no_oop.cpython-310.pyc
[2.617s] byte-compiling /home/prudy/ros2_ws/src/install/my_py_pkg/lib/python3.10/site-packages/my_py_pkg/hardware_status_publisher.py to hardware_status_publisher.cpython-310.pyc
[2.617s] byte-compiling /home/prudy/ros2_ws/src/install/my_py_pkg/lib/python3.10/site-packages/my_py_pkg/add_two_ints_server.py to add_two_ints_server.cpython-310.pyc
[2.618s] byte-compiling /home/prudy/ros2_ws/src/install/my_py_pkg/lib/python3.10/site-packages/my_py_pkg/python_node_template.py to python_node_template.cpython-310.pyc
[2.619s] byte-compiling /home/prudy/ros2_ws/src/install/my_py_pkg/lib/python3.10/site-packages/my_py_pkg/smartphone.py to smartphone.cpython-310.pyc
[2.620s] byte-compiling /home/prudy/ros2_ws/src/install/my_py_pkg/lib/python3.10/site-packages/my_py_pkg/__init__.py to __init__.cpython-310.pyc
[2.620s] running install_data
[2.621s] creating /home/prudy/ros2_ws/src/install/my_py_pkg/share/ament_index
[2.621s] creating /home/prudy/ros2_ws/src/install/my_py_pkg/share/ament_index/resource_index
[2.621s] creating /home/prudy/ros2_ws/src/install/my_py_pkg/share/ament_index/resource_index/packages
[2.621s] copying resource/my_py_pkg -> /home/prudy/ros2_ws/src/install/my_py_pkg/share/ament_index/resource_index/packages
[2.623s] copying package.xml -> /home/prudy/ros2_ws/src/install/my_py_pkg/share/my_py_pkg
[2.623s] running install_egg_info
[2.626s] Copying ../build/my_py_pkg/my_py_pkg.egg-info to /home/prudy/ros2_ws/src/install/my_py_pkg/lib/python3.10/site-packages/my_py_pkg-0.0.0-py3.10.egg-info
[2.628s] running install_scripts
[2.683s] Installing add_two_ints_client_no_oop script to /home/prudy/ros2_ws/src/install/my_py_pkg/lib/my_py_pkg
[2.686s] Installing add_two_ints_client_oop script to /home/prudy/ros2_ws/src/install/my_py_pkg/lib/my_py_pkg
[2.686s] Installing add_two_ints_server script to /home/prudy/ros2_ws/src/install/my_py_pkg/lib/my_py_pkg
[2.686s] Installing hardware_status_pub script to /home/prudy/ros2_ws/src/install/my_py_pkg/lib/my_py_pkg
[2.687s] Installing number_counter script to /home/prudy/ros2_ws/src/install/my_py_pkg/lib/my_py_pkg
[2.687s] Installing number_publisher script to /home/prudy/ros2_ws/src/install/my_py_pkg/lib/my_py_pkg
[2.687s] Installing py_node script to /home/prudy/ros2_ws/src/install/my_py_pkg/lib/my_py_pkg
[2.687s] Installing robot_news_station script to /home/prudy/ros2_ws/src/install/my_py_pkg/lib/my_py_pkg
[2.690s] Installing smartphone script to /home/prudy/ros2_ws/src/install/my_py_pkg/lib/my_py_pkg
[2.690s] writing list of installed files to '/home/prudy/ros2_ws/src/build/my_py_pkg/install.log'
[2.757s] Invoked command in '/home/prudy/ros2_ws/src/my_py_pkg' returned '0': AMENT_PREFIX_PATH=/home/prudy/ros2_ws/src/install/my_robot_interfaces:${AMENT_PREFIX_PATH} CMAKE_PREFIX_PATH=/home/prudy/ros2_ws/src/install/my_robot_interfaces:${CMAKE_PREFIX_PATH} LD_LIBRARY_PATH=/home/prudy/ros2_ws/src/install/my_robot_interfaces/lib:${LD_LIBRARY_PATH} PYTHONPATH=/home/prudy/ros2_ws/src/build/my_py_pkg/prefix_override:/usr/lib/python3/dist-packages/colcon_core/task/python/colcon_distutils_commands:/home/prudy/ros2_ws/src/install/my_py_pkg/lib/python3.10/site-packages:/home/prudy/ros2_ws/src/install/my_robot_interfaces/local/lib/python3.10/dist-packages:${PYTHONPATH} /usr/bin/python3 -W ignore:setup.py install is deprecated -W ignore:easy_install command is deprecated setup.py egg_info --egg-base ../build/my_py_pkg build --build-base /home/prudy/ros2_ws/src/build/my_py_pkg/build install --record /home/prudy/ros2_ws/src/build/my_py_pkg/install.log --single-version-externally-managed install_data
