[2.223s] Invoking command in '/home/prudy/ros2_ws/src/my_py_pkg': AMENT_PREFIX_PATH=/home/prudy/ros2_ws/src/install/my_robot_interfaces:${AMENT_PREFIX_PATH} CMAKE_PREFIX_PATH=/home/prudy/ros2_ws/src/install/my_robot_interfaces:${CMAKE_PREFIX_PATH} LD_LIBRARY_PATH=/home/prudy/ros2_ws/src/install/my_robot_interfaces/lib:${LD_LIBRARY_PATH} PYTHONPATH=/home/prudy/ros2_ws/src/build/my_py_pkg/prefix_override:/usr/lib/python3/dist-packages/colcon_core/task/python/colcon_distutils_commands:/home/prudy/ros2_ws/src/install/my_py_pkg/lib/python3.10/site-packages:/home/prudy/ros2_ws/src/install/my_robot_interfaces/local/lib/python3.10/dist-packages:${PYTHONPATH} /usr/bin/python3 -W ignore:setup.py install is deprecated -W ignore:easy_install command is deprecated setup.py egg_info --egg-base ../build/my_py_pkg build --build-base /home/prudy/ros2_ws/src/build/my_py_pkg/build install --record /home/prudy/ros2_ws/src/build/my_py_pkg/install.log --single-version-externally-managed install_data
[2.882s] running egg_info
[2.884s] writing ../build/my_py_pkg/my_py_pkg.egg-info/PKG-INFO
[2.885s] writing dependency_links to ../build/my_py_pkg/my_py_pkg.egg-info/dependency_links.txt
[2.885s] writing entry points to ../build/my_py_pkg/my_py_pkg.egg-info/entry_points.txt
[2.886s] writing requirements to ../build/my_py_pkg/my_py_pkg.egg-info/requires.txt
[2.888s] writing top-level names to ../build/my_py_pkg/my_py_pkg.egg-info/top_level.txt
[2.890s] reading manifest file '../build/my_py_pkg/my_py_pkg.egg-info/SOURCES.txt'
[2.905s] writing manifest file '../build/my_py_pkg/my_py_pkg.egg-info/SOURCES.txt'
[2.905s] running build
[2.905s] running build_py
[2.907s] copying my_py_pkg/LED_panel_server.py -> /home/prudy/ros2_ws/src/build/my_py_pkg/build/lib/my_py_pkg
[2.907s] copying my_py_pkg/add_two_ints_client_oop.py -> /home/prudy/ros2_ws/src/build/my_py_pkg/build/lib/my_py_pkg
[2.909s] copying my_py_pkg/battery_client.py -> /home/prudy/ros2_ws/src/build/my_py_pkg/build/lib/my_py_pkg
[2.909s] copying my_py_pkg/number_publisher.py -> /home/prudy/ros2_ws/src/build/my_py_pkg/build/lib/my_py_pkg
[2.909s] copying my_py_pkg/robot_news_station.py -> /home/prudy/ros2_ws/src/build/my_py_pkg/build/lib/my_py_pkg
[2.921s] copying my_py_pkg/hardware_status_publisher.py -> /home/prudy/ros2_ws/src/build/my_py_pkg/build/lib/my_py_pkg
[2.923s] copying my_py_pkg/add_two_ints_server.py -> /home/prudy/ros2_ws/src/build/my_py_pkg/build/lib/my_py_pkg
[2.924s] running install
[2.925s] running install_lib
[2.927s] copying /home/prudy/ros2_ws/src/build/my_py_pkg/build/lib/my_py_pkg/LED_panel_server.py -> /home/prudy/ros2_ws/src/install/my_py_pkg/lib/python3.10/site-packages/my_py_pkg
[2.929s] copying /home/prudy/ros2_ws/src/build/my_py_pkg/build/lib/my_py_pkg/add_two_ints_client_oop.py -> /home/prudy/ros2_ws/src/install/my_py_pkg/lib/python3.10/site-packages/my_py_pkg
[2.930s] copying /home/prudy/ros2_ws/src/build/my_py_pkg/build/lib/my_py_pkg/battery_client.py -> /home/prudy/ros2_ws/src/install/my_py_pkg/lib/python3.10/site-packages/my_py_pkg
[2.931s] copying /home/prudy/ros2_ws/src/build/my_py_pkg/build/lib/my_py_pkg/number_publisher.py -> /home/prudy/ros2_ws/src/install/my_py_pkg/lib/python3.10/site-packages/my_py_pkg
[2.931s] copying /home/prudy/ros2_ws/src/build/my_py_pkg/build/lib/my_py_pkg/robot_news_station.py -> /home/prudy/ros2_ws/src/install/my_py_pkg/lib/python3.10/site-packages/my_py_pkg
[2.932s] copying /home/prudy/ros2_ws/src/build/my_py_pkg/build/lib/my_py_pkg/hardware_status_publisher.py -> /home/prudy/ros2_ws/src/install/my_py_pkg/lib/python3.10/site-packages/my_py_pkg
[2.932s] copying /home/prudy/ros2_ws/src/build/my_py_pkg/build/lib/my_py_pkg/add_two_ints_server.py -> /home/prudy/ros2_ws/src/install/my_py_pkg/lib/python3.10/site-packages/my_py_pkg
[2.932s] byte-compiling /home/prudy/ros2_ws/src/install/my_py_pkg/lib/python3.10/site-packages/my_py_pkg/LED_panel_server.py to LED_panel_server.cpython-310.pyc
[2.934s] byte-compiling /home/prudy/ros2_ws/src/install/my_py_pkg/lib/python3.10/site-packages/my_py_pkg/add_two_ints_client_oop.py to add_two_ints_client_oop.cpython-310.pyc
[2.935s] byte-compiling /home/prudy/ros2_ws/src/install/my_py_pkg/lib/python3.10/site-packages/my_py_pkg/battery_client.py to battery_client.cpython-310.pyc
[2.935s] byte-compiling /home/prudy/ros2_ws/src/install/my_py_pkg/lib/python3.10/site-packages/my_py_pkg/number_publisher.py to number_publisher.cpython-310.pyc
[2.936s] byte-compiling /home/prudy/ros2_ws/src/install/my_py_pkg/lib/python3.10/site-packages/my_py_pkg/robot_news_station.py to robot_news_station.cpython-310.pyc
[2.937s] byte-compiling /home/prudy/ros2_ws/src/install/my_py_pkg/lib/python3.10/site-packages/my_py_pkg/hardware_status_publisher.py to hardware_status_publisher.cpython-310.pyc
[2.938s] byte-compiling /home/prudy/ros2_ws/src/install/my_py_pkg/lib/python3.10/site-packages/my_py_pkg/add_two_ints_server.py to add_two_ints_server.cpython-310.pyc
[2.940s] running install_data
[2.943s] running install_egg_info
[2.951s] removing '/home/prudy/ros2_ws/src/install/my_py_pkg/lib/python3.10/site-packages/my_py_pkg-0.0.0-py3.10.egg-info' (and everything under it)
[2.955s] Copying ../build/my_py_pkg/my_py_pkg.egg-info to /home/prudy/ros2_ws/src/install/my_py_pkg/lib/python3.10/site-packages/my_py_pkg-0.0.0-py3.10.egg-info
[3.000s] running install_scripts
[3.069s] Installing Led_panel_server script to /home/prudy/ros2_ws/src/install/my_py_pkg/lib/my_py_pkg
[3.070s] Installing add_two_ints_client_no_oop script to /home/prudy/ros2_ws/src/install/my_py_pkg/lib/my_py_pkg
[3.070s] Installing add_two_ints_client_oop script to /home/prudy/ros2_ws/src/install/my_py_pkg/lib/my_py_pkg
[3.070s] Installing add_two_ints_server script to /home/prudy/ros2_ws/src/install/my_py_pkg/lib/my_py_pkg
[3.070s] Installing hardware_status_publisher script to /home/prudy/ros2_ws/src/install/my_py_pkg/lib/my_py_pkg
[3.070s] Installing number_counter script to /home/prudy/ros2_ws/src/install/my_py_pkg/lib/my_py_pkg
[3.071s] Installing number_publisher script to /home/prudy/ros2_ws/src/install/my_py_pkg/lib/my_py_pkg
[3.072s] Installing py_node script to /home/prudy/ros2_ws/src/install/my_py_pkg/lib/my_py_pkg
[3.073s] Installing robot_news_station script to /home/prudy/ros2_ws/src/install/my_py_pkg/lib/my_py_pkg
[3.077s] Installing smartphone script to /home/prudy/ros2_ws/src/install/my_py_pkg/lib/my_py_pkg
[3.080s] writing list of installed files to '/home/prudy/ros2_ws/src/build/my_py_pkg/install.log'
[3.149s] Invoked command in '/home/prudy/ros2_ws/src/my_py_pkg' returned '0': AMENT_PREFIX_PATH=/home/prudy/ros2_ws/src/install/my_robot_interfaces:${AMENT_PREFIX_PATH} CMAKE_PREFIX_PATH=/home/prudy/ros2_ws/src/install/my_robot_interfaces:${CMAKE_PREFIX_PATH} LD_LIBRARY_PATH=/home/prudy/ros2_ws/src/install/my_robot_interfaces/lib:${LD_LIBRARY_PATH} PYTHONPATH=/home/prudy/ros2_ws/src/build/my_py_pkg/prefix_override:/usr/lib/python3/dist-packages/colcon_core/task/python/colcon_distutils_commands:/home/prudy/ros2_ws/src/install/my_py_pkg/lib/python3.10/site-packages:/home/prudy/ros2_ws/src/install/my_robot_interfaces/local/lib/python3.10/dist-packages:${PYTHONPATH} /usr/bin/python3 -W ignore:setup.py install is deprecated -W ignore:easy_install command is deprecated setup.py egg_info --egg-base ../build/my_py_pkg build --build-base /home/prudy/ros2_ws/src/build/my_py_pkg/build install --record /home/prudy/ros2_ws/src/build/my_py_pkg/install.log --single-version-externally-managed install_data
