[0.534s] DEBUG:colcon:Command line arguments: ['/usr/bin/colcon', 'build', '--packages-select', 'my_robot_interfaces']
[0.535s] DEBUG:colcon:Parsed command line arguments: Namespace(log_base=None, log_level=None, verb_name='build', build_base='build', install_base='install', merge_install=False, symlink_install=False, test_result_base=None, continue_on_error=False, executor='parallel', parallel_workers=2, event_handlers=None, ignore_user_meta=False, metas=['./colcon.meta'], base_paths=['.'], packages_ignore=None, packages_ignore_regex=None, paths=None, packages_up_to=None, packages_up_to_regex=None, packages_above=None, packages_above_and_dependencies=None, packages_above_depth=None, packages_select_by_dep=None, packages_skip_by_dep=None, packages_skip_up_to=None, packages_select_build_failed=False, packages_skip_build_finished=False, packages_select_test_failures=False, packages_skip_test_passed=False, packages_select=['my_robot_interfaces'], packages_skip=None, packages_select_regex=None, packages_skip_regex=None, packages_start=None, packages_end=None, allow_overriding=[], cmake_args=None, cmake_target=None, cmake_target_skip_unavailable=False, cmake_clean_cache=False, cmake_clean_first=False, cmake_force_configure=False, ament_cmake_args=None, catkin_cmake_args=None, catkin_skip_building_tests=False, mixin_files=None, mixin=None, verb_parser=<colcon_mixin.mixin.mixin_argument.MixinArgumentDecorator object at 0x751828f69ea0>, verb_extension=<colcon_core.verb.build.BuildVerb object at 0x751828f694e0>, main=<bound method BuildVerb.main of <colcon_core.verb.build.BuildVerb object at 0x751828f694e0>>, mixin_verb=('build',))
[1.233s] Level 1:colcon.colcon_core.package_discovery:discover_packages(colcon_meta) check parameters
[1.234s] Level 1:colcon.colcon_core.package_discovery:discover_packages(recursive) check parameters
[1.234s] Level 1:colcon.colcon_core.package_discovery:discover_packages(ignore) check parameters
[1.234s] Level 1:colcon.colcon_core.package_discovery:discover_packages(path) check parameters
[1.234s] Level 1:colcon.colcon_core.package_discovery:discover_packages(colcon_meta) discover
[1.234s] Level 1:colcon.colcon_core.package_discovery:discover_packages(recursive) discover
[1.234s] INFO:colcon.colcon_core.package_discovery:Crawling recursively for packages in '/home/prudy/ros2_ws/src'
[1.234s] Level 1:colcon.colcon_core.package_identification:_identify(.) by extensions ['ignore', 'ignore_ament_install']
[1.235s] Level 1:colcon.colcon_core.package_identification:_identify(.) by extension 'ignore'
[1.235s] Level 1:colcon.colcon_core.package_identification:_identify(.) by extension 'ignore_ament_install'
[1.235s] Level 1:colcon.colcon_core.package_identification:_identify(.) by extensions ['colcon_pkg']
[1.235s] Level 1:colcon.colcon_core.package_identification:_identify(.) by extension 'colcon_pkg'
[1.235s] Level 1:colcon.colcon_core.package_identification:_identify(.) by extensions ['colcon_meta']
[1.235s] Level 1:colcon.colcon_core.package_identification:_identify(.) by extension 'colcon_meta'
[1.236s] Level 1:colcon.colcon_core.package_identification:_identify(.) by extensions ['ros']
[1.236s] Level 1:colcon.colcon_core.package_identification:_identify(.) by extension 'ros'
[1.267s] Level 1:colcon.colcon_core.package_identification:_identify(.) by extensions ['cmake', 'python']
[1.267s] Level 1:colcon.colcon_core.package_identification:_identify(.) by extension 'cmake'
[1.268s] Level 1:colcon.colcon_core.package_identification:_identify(.) by extension 'python'
[1.268s] Level 1:colcon.colcon_core.package_identification:_identify(.) by extensions ['python_setup_py']
[1.268s] Level 1:colcon.colcon_core.package_identification:_identify(.) by extension 'python_setup_py'
[1.268s] Level 1:colcon.colcon_core.package_identification:_identify(build) by extensions ['ignore', 'ignore_ament_install']
[1.268s] Level 1:colcon.colcon_core.package_identification:_identify(build) by extension 'ignore'
[1.269s] Level 1:colcon.colcon_core.package_identification:_identify(build) ignored
[1.269s] Level 1:colcon.colcon_core.package_identification:_identify(install) by extensions ['ignore', 'ignore_ament_install']
[1.269s] Level 1:colcon.colcon_core.package_identification:_identify(install) by extension 'ignore'
[1.269s] Level 1:colcon.colcon_core.package_identification:_identify(install) ignored
[1.270s] Level 1:colcon.colcon_core.package_identification:_identify(log) by extensions ['ignore', 'ignore_ament_install']
[1.270s] Level 1:colcon.colcon_core.package_identification:_identify(log) by extension 'ignore'
[1.270s] Level 1:colcon.colcon_core.package_identification:_identify(log) ignored
[1.270s] Level 1:colcon.colcon_core.package_identification:_identify(my_cpp_pkg) by extensions ['ignore', 'ignore_ament_install']
[1.270s] Level 1:colcon.colcon_core.package_identification:_identify(my_cpp_pkg) by extension 'ignore'
[1.271s] Level 1:colcon.colcon_core.package_identification:_identify(my_cpp_pkg) by extension 'ignore_ament_install'
[1.271s] Level 1:colcon.colcon_core.package_identification:_identify(my_cpp_pkg) by extensions ['colcon_pkg']
[1.271s] Level 1:colcon.colcon_core.package_identification:_identify(my_cpp_pkg) by extension 'colcon_pkg'
[1.271s] Level 1:colcon.colcon_core.package_identification:_identify(my_cpp_pkg) by extensions ['colcon_meta']
[1.271s] Level 1:colcon.colcon_core.package_identification:_identify(my_cpp_pkg) by extension 'colcon_meta'
[1.271s] Level 1:colcon.colcon_core.package_identification:_identify(my_cpp_pkg) by extensions ['ros']
[1.271s] Level 1:colcon.colcon_core.package_identification:_identify(my_cpp_pkg) by extension 'ros'
[1.280s] DEBUG:colcon.colcon_core.package_identification:Package 'my_cpp_pkg' with type 'ros.ament_cmake' and name 'my_cpp_pkg'
[1.280s] Level 1:colcon.colcon_core.package_identification:_identify(my_py_pkg) by extensions ['ignore', 'ignore_ament_install']
[1.280s] Level 1:colcon.colcon_core.package_identification:_identify(my_py_pkg) by extension 'ignore'
[1.281s] Level 1:colcon.colcon_core.package_identification:_identify(my_py_pkg) by extension 'ignore_ament_install'
[1.281s] Level 1:colcon.colcon_core.package_identification:_identify(my_py_pkg) by extensions ['colcon_pkg']
[1.281s] Level 1:colcon.colcon_core.package_identification:_identify(my_py_pkg) by extension 'colcon_pkg'
[1.281s] Level 1:colcon.colcon_core.package_identification:_identify(my_py_pkg) by extensions ['colcon_meta']
[1.281s] Level 1:colcon.colcon_core.package_identification:_identify(my_py_pkg) by extension 'colcon_meta'
[1.281s] Level 1:colcon.colcon_core.package_identification:_identify(my_py_pkg) by extensions ['ros']
[1.281s] Level 1:colcon.colcon_core.package_identification:_identify(my_py_pkg) by extension 'ros'
[1.285s] DEBUG:colcon.colcon_core.package_identification:Package 'my_py_pkg' with type 'ros.ament_python' and name 'my_py_pkg'
[1.285s] Level 1:colcon.colcon_core.package_identification:_identify(my_robot_interfaces) by extensions ['ignore', 'ignore_ament_install']
[1.286s] Level 1:colcon.colcon_core.package_identification:_identify(my_robot_interfaces) by extension 'ignore'
[1.286s] Level 1:colcon.colcon_core.package_identification:_identify(my_robot_interfaces) by extension 'ignore_ament_install'
[1.286s] Level 1:colcon.colcon_core.package_identification:_identify(my_robot_interfaces) by extensions ['colcon_pkg']
[1.286s] Level 1:colcon.colcon_core.package_identification:_identify(my_robot_interfaces) by extension 'colcon_pkg'
[1.286s] Level 1:colcon.colcon_core.package_identification:_identify(my_robot_interfaces) by extensions ['colcon_meta']
[1.286s] Level 1:colcon.colcon_core.package_identification:_identify(my_robot_interfaces) by extension 'colcon_meta'
[1.286s] Level 1:colcon.colcon_core.package_identification:_identify(my_robot_interfaces) by extensions ['ros']
[1.286s] Level 1:colcon.colcon_core.package_identification:_identify(my_robot_interfaces) by extension 'ros'
[1.307s] DEBUG:colcon.colcon_core.package_identification:Package 'my_robot_interfaces' with type 'ros.ament_cmake' and name 'my_robot_interfaces'
[1.307s] Level 1:colcon.colcon_core.package_discovery:discover_packages(recursive) using defaults
[1.308s] Level 1:colcon.colcon_core.package_discovery:discover_packages(ignore) discover
[1.308s] Level 1:colcon.colcon_core.package_discovery:discover_packages(ignore) using defaults
[1.308s] Level 1:colcon.colcon_core.package_discovery:discover_packages(path) discover
[1.308s] Level 1:colcon.colcon_core.package_discovery:discover_packages(path) using defaults
[1.395s] INFO:colcon.colcon_core.package_selection:Skipping not selected package 'my_cpp_pkg' in 'my_cpp_pkg'
[1.395s] INFO:colcon.colcon_core.package_selection:Skipping not selected package 'my_py_pkg' in 'my_py_pkg'
[1.396s] Level 1:colcon.colcon_core.package_discovery:discover_packages(prefix_path) check parameters
[1.396s] Level 1:colcon.colcon_core.package_discovery:discover_packages(prefix_path) discover
[1.400s] DEBUG:colcon.colcon_installed_package_information.package_discovery:Found 3 installed packages in /home/prudy/ros2_ws/install
[1.401s] DEBUG:colcon.colcon_installed_package_information.package_discovery:Found 1 installed packages in /home/prudy/install
[1.405s] DEBUG:colcon.colcon_installed_package_information.package_discovery:Found 271 installed packages in /opt/ros/humble
[1.409s] Level 1:colcon.colcon_core.package_discovery:discover_packages(prefix_path) using defaults
[1.515s] Level 5:colcon.colcon_core.verb:set package 'my_robot_interfaces' build argument 'cmake_args' from command line to 'None'
[1.515s] Level 5:colcon.colcon_core.verb:set package 'my_robot_interfaces' build argument 'cmake_target' from command line to 'None'
[1.515s] Level 5:colcon.colcon_core.verb:set package 'my_robot_interfaces' build argument 'cmake_target_skip_unavailable' from command line to 'False'
[1.515s] Level 5:colcon.colcon_core.verb:set package 'my_robot_interfaces' build argument 'cmake_clean_cache' from command line to 'False'
[1.516s] Level 5:colcon.colcon_core.verb:set package 'my_robot_interfaces' build argument 'cmake_clean_first' from command line to 'False'
[1.516s] Level 5:colcon.colcon_core.verb:set package 'my_robot_interfaces' build argument 'cmake_force_configure' from command line to 'False'
[1.516s] Level 5:colcon.colcon_core.verb:set package 'my_robot_interfaces' build argument 'ament_cmake_args' from command line to 'None'
[1.516s] Level 5:colcon.colcon_core.verb:set package 'my_robot_interfaces' build argument 'catkin_cmake_args' from command line to 'None'
[1.516s] Level 5:colcon.colcon_core.verb:set package 'my_robot_interfaces' build argument 'catkin_skip_building_tests' from command line to 'False'
[1.516s] DEBUG:colcon.colcon_core.verb:Building package 'my_robot_interfaces' with the following arguments: {'ament_cmake_args': None, 'build_base': '/home/prudy/ros2_ws/src/build/my_robot_interfaces', 'catkin_cmake_args': None, 'catkin_skip_building_tests': False, 'cmake_args': None, 'cmake_clean_cache': False, 'cmake_clean_first': False, 'cmake_force_configure': False, 'cmake_target': None, 'cmake_target_skip_unavailable': False, 'install_base': '/home/prudy/ros2_ws/src/install/my_robot_interfaces', 'merge_install': False, 'path': '/home/prudy/ros2_ws/src/my_robot_interfaces', 'symlink_install': False, 'test_result_base': None}
[1.516s] INFO:colcon.colcon_core.executor:Executing jobs using 'parallel' executor
[1.519s] DEBUG:colcon.colcon_parallel_executor.executor.parallel:run_until_complete
[1.520s] INFO:colcon.colcon_ros.task.ament_cmake.build:Building ROS package in '/home/prudy/ros2_ws/src/my_robot_interfaces' with build type 'ament_cmake'
[1.520s] INFO:colcon.colcon_cmake.task.cmake.build:Building CMake package in '/home/prudy/ros2_ws/src/my_robot_interfaces'
[1.525s] INFO:colcon.colcon_core.plugin_system:Skipping extension 'colcon_core.shell.bat': Not used on non-Windows systems
[1.525s] INFO:colcon.colcon_core.shell:Skip shell extension 'powershell' for command environment: Not usable outside of PowerShell
[1.525s] DEBUG:colcon.colcon_core.shell:Skip shell extension 'dsv' for command environment
[1.542s] DEBUG:colcon.colcon_core.event_handler.log_command:Invoking command in '/home/prudy/ros2_ws/src/build/my_robot_interfaces': CMAKE_PREFIX_PATH=${CMAKE_PREFIX_PATH}:/home/prudy/ros2_ws/install/my_py_pkg:/home/prudy/install/my_py_pkg:/opt/ros/humble /usr/bin/cmake /home/prudy/ros2_ws/src/my_robot_interfaces -DCMAKE_INSTALL_PREFIX=/home/prudy/ros2_ws/src/install/my_robot_interfaces
[6.212s] DEBUG:colcon.colcon_core.event_handler.log_command:Invoked command in '/home/prudy/ros2_ws/src/build/my_robot_interfaces' returned '0': CMAKE_PREFIX_PATH=${CMAKE_PREFIX_PATH}:/home/prudy/ros2_ws/install/my_py_pkg:/home/prudy/install/my_py_pkg:/opt/ros/humble /usr/bin/cmake /home/prudy/ros2_ws/src/my_robot_interfaces -DCMAKE_INSTALL_PREFIX=/home/prudy/ros2_ws/src/install/my_robot_interfaces
[6.219s] DEBUG:colcon.colcon_core.event_handler.log_command:Invoking command in '/home/prudy/ros2_ws/src/build/my_robot_interfaces': CMAKE_PREFIX_PATH=${CMAKE_PREFIX_PATH}:/home/prudy/ros2_ws/install/my_py_pkg:/home/prudy/install/my_py_pkg:/opt/ros/humble /usr/bin/cmake --build /home/prudy/ros2_ws/src/build/my_robot_interfaces -- -j2 -l2
[19.944s] DEBUG:colcon.colcon_core.event_handler.log_command:Invoked command in '/home/prudy/ros2_ws/src/build/my_robot_interfaces' returned '0': CMAKE_PREFIX_PATH=${CMAKE_PREFIX_PATH}:/home/prudy/ros2_ws/install/my_py_pkg:/home/prudy/install/my_py_pkg:/opt/ros/humble /usr/bin/cmake --build /home/prudy/ros2_ws/src/build/my_robot_interfaces -- -j2 -l2
[19.964s] DEBUG:colcon.colcon_core.event_handler.log_command:Invoking command in '/home/prudy/ros2_ws/src/build/my_robot_interfaces': CMAKE_PREFIX_PATH=${CMAKE_PREFIX_PATH}:/home/prudy/ros2_ws/install/my_py_pkg:/home/prudy/install/my_py_pkg:/opt/ros/humble /usr/bin/cmake --install /home/prudy/ros2_ws/src/build/my_robot_interfaces
[20.134s] Level 1:colcon.colcon_core.environment:create_environment_scripts_only(my_robot_interfaces)
[20.135s] DEBUG:colcon.colcon_core.event_handler.log_command:Invoked command in '/home/prudy/ros2_ws/src/build/my_robot_interfaces' returned '0': CMAKE_PREFIX_PATH=${CMAKE_PREFIX_PATH}:/home/prudy/ros2_ws/install/my_py_pkg:/home/prudy/install/my_py_pkg:/opt/ros/humble /usr/bin/cmake --install /home/prudy/ros2_ws/src/build/my_robot_interfaces
[20.143s] Level 1:colcon.colcon_core.environment:checking '/home/prudy/ros2_ws/src/install/my_robot_interfaces' for CMake module files
[20.145s] Level 1:colcon.colcon_core.environment:checking '/home/prudy/ros2_ws/src/install/my_robot_interfaces' for CMake config files
[20.146s] Level 1:colcon.colcon_core.shell:create_environment_hook('my_robot_interfaces', 'cmake_prefix_path')
[20.149s] INFO:colcon.colcon_core.shell:Creating environment hook '/home/prudy/ros2_ws/src/install/my_robot_interfaces/share/my_robot_interfaces/hook/cmake_prefix_path.ps1'
[20.151s] INFO:colcon.colcon_core.shell:Creating environment descriptor '/home/prudy/ros2_ws/src/install/my_robot_interfaces/share/my_robot_interfaces/hook/cmake_prefix_path.dsv'
[20.152s] INFO:colcon.colcon_core.shell:Creating environment hook '/home/prudy/ros2_ws/src/install/my_robot_interfaces/share/my_robot_interfaces/hook/cmake_prefix_path.sh'
[20.155s] Level 1:colcon.colcon_core.environment:checking '/home/prudy/ros2_ws/src/install/my_robot_interfaces/lib'
[20.155s] Level 1:colcon.colcon_core.shell:create_environment_hook('my_robot_interfaces', 'ld_library_path_lib')
[20.156s] INFO:colcon.colcon_core.shell:Creating environment hook '/home/prudy/ros2_ws/src/install/my_robot_interfaces/share/my_robot_interfaces/hook/ld_library_path_lib.ps1'
[20.157s] INFO:colcon.colcon_core.shell:Creating environment descriptor '/home/prudy/ros2_ws/src/install/my_robot_interfaces/share/my_robot_interfaces/hook/ld_library_path_lib.dsv'
[20.158s] INFO:colcon.colcon_core.shell:Creating environment hook '/home/prudy/ros2_ws/src/install/my_robot_interfaces/share/my_robot_interfaces/hook/ld_library_path_lib.sh'
[20.159s] Level 1:colcon.colcon_core.environment:checking '/home/prudy/ros2_ws/src/install/my_robot_interfaces/bin'
[20.159s] Level 1:colcon.colcon_core.environment:checking '/home/prudy/ros2_ws/src/install/my_robot_interfaces/lib/pkgconfig/my_robot_interfaces.pc'
[20.162s] Level 1:colcon.colcon_core.environment:checking '/home/prudy/ros2_ws/src/install/my_robot_interfaces/lib/python3.10/site-packages'
[20.164s] Level 1:colcon.colcon_core.environment:checking '/home/prudy/ros2_ws/src/install/my_robot_interfaces/bin'
[20.165s] INFO:colcon.colcon_core.shell:Creating package script '/home/prudy/ros2_ws/src/install/my_robot_interfaces/share/my_robot_interfaces/package.ps1'
[20.168s] INFO:colcon.colcon_core.shell:Creating package descriptor '/home/prudy/ros2_ws/src/install/my_robot_interfaces/share/my_robot_interfaces/package.dsv'
[20.170s] INFO:colcon.colcon_core.shell:Creating package script '/home/prudy/ros2_ws/src/install/my_robot_interfaces/share/my_robot_interfaces/package.sh'
[20.172s] INFO:colcon.colcon_core.shell:Creating package script '/home/prudy/ros2_ws/src/install/my_robot_interfaces/share/my_robot_interfaces/package.bash'
[20.174s] INFO:colcon.colcon_core.shell:Creating package script '/home/prudy/ros2_ws/src/install/my_robot_interfaces/share/my_robot_interfaces/package.zsh'
[20.175s] Level 1:colcon.colcon_core.environment:create_file_with_runtime_dependencies(/home/prudy/ros2_ws/src/install/my_robot_interfaces/share/colcon-core/packages/my_robot_interfaces)
[20.177s] Level 1:colcon.colcon_core.environment:create_environment_scripts_only(my_robot_interfaces)
[20.177s] Level 1:colcon.colcon_core.environment:checking '/home/prudy/ros2_ws/src/install/my_robot_interfaces' for CMake module files
[20.179s] Level 1:colcon.colcon_core.environment:checking '/home/prudy/ros2_ws/src/install/my_robot_interfaces' for CMake config files
[20.180s] Level 1:colcon.colcon_core.shell:create_environment_hook('my_robot_interfaces', 'cmake_prefix_path')
[20.180s] INFO:colcon.colcon_core.shell:Creating environment hook '/home/prudy/ros2_ws/src/install/my_robot_interfaces/share/my_robot_interfaces/hook/cmake_prefix_path.ps1'
[20.182s] INFO:colcon.colcon_core.shell:Creating environment descriptor '/home/prudy/ros2_ws/src/install/my_robot_interfaces/share/my_robot_interfaces/hook/cmake_prefix_path.dsv'
[20.182s] INFO:colcon.colcon_core.shell:Creating environment hook '/home/prudy/ros2_ws/src/install/my_robot_interfaces/share/my_robot_interfaces/hook/cmake_prefix_path.sh'
[20.184s] Level 1:colcon.colcon_core.environment:checking '/home/prudy/ros2_ws/src/install/my_robot_interfaces/lib'
[20.184s] Level 1:colcon.colcon_core.shell:create_environment_hook('my_robot_interfaces', 'ld_library_path_lib')
[20.185s] INFO:colcon.colcon_core.shell:Creating environment hook '/home/prudy/ros2_ws/src/install/my_robot_interfaces/share/my_robot_interfaces/hook/ld_library_path_lib.ps1'
[20.186s] INFO:colcon.colcon_core.shell:Creating environment descriptor '/home/prudy/ros2_ws/src/install/my_robot_interfaces/share/my_robot_interfaces/hook/ld_library_path_lib.dsv'
[20.186s] INFO:colcon.colcon_core.shell:Creating environment hook '/home/prudy/ros2_ws/src/install/my_robot_interfaces/share/my_robot_interfaces/hook/ld_library_path_lib.sh'
[20.187s] Level 1:colcon.colcon_core.environment:checking '/home/prudy/ros2_ws/src/install/my_robot_interfaces/bin'
[20.188s] Level 1:colcon.colcon_core.environment:checking '/home/prudy/ros2_ws/src/install/my_robot_interfaces/lib/pkgconfig/my_robot_interfaces.pc'
[20.188s] Level 1:colcon.colcon_core.environment:checking '/home/prudy/ros2_ws/src/install/my_robot_interfaces/lib/python3.10/site-packages'
[20.189s] Level 1:colcon.colcon_core.environment:checking '/home/prudy/ros2_ws/src/install/my_robot_interfaces/bin'
[20.190s] INFO:colcon.colcon_core.shell:Creating package script '/home/prudy/ros2_ws/src/install/my_robot_interfaces/share/my_robot_interfaces/package.ps1'
[20.191s] INFO:colcon.colcon_core.shell:Creating package descriptor '/home/prudy/ros2_ws/src/install/my_robot_interfaces/share/my_robot_interfaces/package.dsv'
[20.340s] INFO:colcon.colcon_core.shell:Creating package script '/home/prudy/ros2_ws/src/install/my_robot_interfaces/share/my_robot_interfaces/package.sh'
[20.343s] INFO:colcon.colcon_core.shell:Creating package script '/home/prudy/ros2_ws/src/install/my_robot_interfaces/share/my_robot_interfaces/package.bash'
[20.345s] INFO:colcon.colcon_core.shell:Creating package script '/home/prudy/ros2_ws/src/install/my_robot_interfaces/share/my_robot_interfaces/package.zsh'
[20.347s] Level 1:colcon.colcon_core.environment:create_file_with_runtime_dependencies(/home/prudy/ros2_ws/src/install/my_robot_interfaces/share/colcon-core/packages/my_robot_interfaces)
[20.347s] DEBUG:colcon.colcon_parallel_executor.executor.parallel:closing loop
[20.348s] DEBUG:colcon.colcon_parallel_executor.executor.parallel:loop closed
[20.349s] DEBUG:colcon.colcon_parallel_executor.executor.parallel:run_until_complete finished with '0'
[20.349s] DEBUG:colcon.colcon_core.event_reactor:joining thread
[20.427s] INFO:colcon.colcon_core.plugin_system:Skipping extension 'colcon_notification.desktop_notification.terminal_notifier': Not used on non-Darwin systems
[20.427s] INFO:colcon.colcon_core.plugin_system:Skipping extension 'colcon_notification.desktop_notification.win32': Not used on non-Windows systems
[20.427s] INFO:colcon.colcon_notification.desktop_notification:Sending desktop notification using 'notify2'
[20.489s] DEBUG:colcon.colcon_core.event_reactor:joined thread
[20.490s] INFO:colcon.colcon_core.shell:Creating prefix script '/home/prudy/ros2_ws/src/install/local_setup.ps1'
[20.493s] INFO:colcon.colcon_core.shell:Creating prefix util module '/home/prudy/ros2_ws/src/install/_local_setup_util_ps1.py'
[20.498s] INFO:colcon.colcon_core.shell:Creating prefix chain script '/home/prudy/ros2_ws/src/install/setup.ps1'
[20.502s] INFO:colcon.colcon_core.shell:Creating prefix script '/home/prudy/ros2_ws/src/install/local_setup.sh'
[20.505s] INFO:colcon.colcon_core.shell:Creating prefix util module '/home/prudy/ros2_ws/src/install/_local_setup_util_sh.py'
[20.508s] INFO:colcon.colcon_core.shell:Creating prefix chain script '/home/prudy/ros2_ws/src/install/setup.sh'
[20.513s] INFO:colcon.colcon_core.shell:Creating prefix script '/home/prudy/ros2_ws/src/install/local_setup.bash'
[20.515s] INFO:colcon.colcon_core.shell:Creating prefix chain script '/home/prudy/ros2_ws/src/install/setup.bash'
[20.518s] INFO:colcon.colcon_core.shell:Creating prefix script '/home/prudy/ros2_ws/src/install/local_setup.zsh'
[20.519s] INFO:colcon.colcon_core.shell:Creating prefix chain script '/home/prudy/ros2_ws/src/install/setup.zsh'
